  Tela.cpp
c:\users\jessica\desktop\cgtp2\grupo_6\tela.cpp(93): warning C4305: 'argument': truncation from 'double' to 'float'
c:\users\jessica\desktop\cgtp2\grupo_6\tela.cpp(110): warning C4305: 'argument': truncation from 'double' to 'float'
c:\users\jessica\desktop\cgtp2\grupo_6\tela.cpp(154): warning C4244: 'argument': conversion from 'GLdouble' to 'float', possible loss of data
c:\users\jessica\desktop\cgtp2\grupo_6\tela.cpp(178): warning C4244: 'argument': conversion from 'GLdouble' to 'float', possible loss of data
c:\users\jessica\desktop\cgtp2\grupo_6\tela.cpp(187): warning C4244: 'initializing': conversion from 'float' to 'int', possible loss of data
  PlanoChao.cpp
  Main.cpp
  FuncoesExtra.cpp
  EsferaMundo.cpp
  Camera.cpp
c:\users\jessica\desktop\cgtp2\grupo_6\camera.cpp(7): warning C4305: 'argument': truncation from 'double' to 'float'
c:\users\jessica\desktop\cgtp2\grupo_6\camera.cpp(9): warning C4305: 'argument': truncation from 'double' to 'float'
c:\users\jessica\desktop\cgtp2\grupo_6\camera.cpp(10): warning C4305: 'argument': truncation from 'double' to 'float'
  Generating Code...
SOIL.lib(image_DXT.obj) : warning LNK4099: PDB 'SOIL.pdb' was not found with 'SOIL.lib(image_DXT.obj)' or at 'C:\Users\Jessica\Desktop\CGTP2\grupo_6\Debug\SOIL.pdb'; linking object as if no debug info
SOIL.lib(image_helper.obj) : warning LNK4099: PDB 'SOIL.pdb' was not found with 'SOIL.lib(image_helper.obj)' or at 'C:\Users\Jessica\Desktop\CGTP2\grupo_6\Debug\SOIL.pdb'; linking object as if no debug info
SOIL.lib(SOIL.obj) : warning LNK4099: PDB 'SOIL.pdb' was not found with 'SOIL.lib(SOIL.obj)' or at 'C:\Users\Jessica\Desktop\CGTP2\grupo_6\Debug\SOIL.pdb'; linking object as if no debug info
SOIL.lib(stb_image_aug.obj) : warning LNK4099: PDB 'SOIL.pdb' was not found with 'SOIL.lib(stb_image_aug.obj)' or at 'C:\Users\Jessica\Desktop\CGTP2\grupo_6\Debug\SOIL.pdb'; linking object as if no debug info
  cenario3d.vcxproj -> C:\Users\Jessica\Desktop\CGTP2\grupo_6\Debug\cenario3d.exe
  cenario3d.vcxproj -> C:\Users\Jessica\Desktop\CGTP2\grupo_6\Debug\cenario3d.pdb (Full PDB)
